# JRE version: OpenJDK Runtime Environment (17.0.7) (build 17.0.7+0-b2043.56-10550314)
# Java VM: OpenJDK 64-Bit Server VM (17.0.7+0-b2043.56-10550314, mixed mode, tiered, compressed oops, compressed class ptrs, g1 gc, windows-amd64)
GC Precious Log:
 CPUs: 12 total, 12 available
 Memory: 16263M
 Large Page Support: Disabled
 NUMA Support: Disabled
 Compressed Oops: Enabled (32-bit)
 Heap Region Size: 1M
 Heap Min Capacity: 8M
 Heap Initial Capacity: 256M
 Heap Max Capacity: 2G
 Pre-touch: Disabled
 Parallel Workers: 10
 Concurrent Workers: 3
 Concurrent Refinement Workers: 10
 Periodic GC: Disabled
Heap:
 garbage-first heap   total 355328K, used 190334K [0x0000000080000000, 0x0000000100000000)
  region size 1024K, 31 young (31744K), 11 survivors (11264K)
 Metaspace       used 157019K, committed 158336K, reserved 1245184K
  class space    used 21400K, committed 22016K, reserved 1048576K
GC Heap History (20 events):
Event: 345.754 GC heap before
{Heap before GC invocations=59 (full 0):
 garbage-first heap   total 355328K, used 255148K [0x0000000080000000, 0x0000000100000000)
  region size 1024K, 47 young (48128K), 2 survivors (2048K)
 Metaspace       used 148685K, committed 149632K, reserved 1179648K
  class space    used 20611K, committed 21056K, reserved 1048576K
}
Event: 345.762 GC heap after
{Heap after GC invocations=60 (full 0):
 garbage-first heap   total 355328K, used 175111K [0x0000000080000000, 0x0000000100000000)
  region size 1024K, 6 young (6144K), 6 survivors (6144K)
 Metaspace       used 148685K, committed 149632K, reserved 1179648K
  class space    used 20611K, committed 21056K, reserved 1048576K
}
Event: 345.972 GC heap before
{Heap before GC invocations=60 (full 0):
 garbage-first heap   total 355328K, used 185351K [0x0000000080000000, 0x0000000100000000)
  region size 1024K, 17 young (17408K), 6 survivors (6144K)
 Metaspace       used 148765K, committed 149696K, reserved 1179648K
  class space    used 20612K, committed 21120K, reserved 1048576K
}
Event: 345.989 GC heap after
{Heap after GC invocations=61 (full 0):
 garbage-first heap   total 355328K, used 163807K [0x0000000080000000, 0x0000000100000000)
  region size 1024K, 3 young (3072K), 3 survivors (3072K)
 Metaspace       used 148765K, committed 149696K, reserved 1179648K
  class space    used 20612K, committed 21120K, reserved 1048576K
}
Event: 351.129 GC heap before
{Heap before GC invocations=61 (full 0):
 garbage-first heap   total 355328K, used 294879K [0x0000000080000000, 0x0000000100000000)
  region size 1024K, 132 young (135168K), 3 survivors (3072K)
 Metaspace       used 149102K, committed 150080K, reserved 1179648K
  class space    used 20626K, committed 21120K, reserved 1048576K
}
Event: 351.140 GC heap after
{Heap after GC invocations=62 (full 0):
 garbage-first heap   total 355328K, used 171776K [0x0000000080000000, 0x0000000100000000)
  region size 1024K, 10 young (10240K), 10 survivors (10240K)
 Metaspace       used 149102K, committed 150080K, reserved 1179648K
  class space    used 20626K, committed 21120K, reserved 1048576K
}
Event: 351.642 GC heap before
{Heap before GC invocations=62 (full 0):
 garbage-first heap   total 355328K, used 257792K [0x0000000080000000, 0x0000000100000000)
  region size 1024K, 96 young (98304K), 10 survivors (10240K)
 Metaspace       used 149330K, committed 150336K, reserved 1179648K
  class space    used 20626K, committed 21120K, reserved 1048576K
}
Event: 351.654 GC heap after
{Heap after GC invocations=63 (full 0):
 garbage-first heap   total 355328K, used 169422K [0x0000000080000000, 0x0000000100000000)
  region size 1024K, 2 young (2048K), 2 survivors (2048K)
 Metaspace       used 149330K, committed 150336K, reserved 1179648K
  class space    used 20626K, committed 21120K, reserved 1048576K
}
Event: 447.703 GC heap before
{Heap before GC invocations=64 (full 0):
 garbage-first heap   total 355328K, used 336334K [0x0000000080000000, 0x0000000100000000)
  region size 1024K, 129 young (132096K), 2 survivors (2048K)
 Metaspace       used 153362K, committed 154432K, reserved 1245184K
  class space    used 21101K, committed 21632K, reserved 1048576K
}
Event: 447.722 GC heap after
{Heap after GC invocations=65 (full 0):
 garbage-first heap   total 355328K, used 176769K [0x0000000080000000, 0x0000000100000000)
  region size 1024K, 12 young (12288K), 12 survivors (12288K)
 Metaspace       used 153362K, committed 154432K, reserved 1245184K
  class space    used 21101K, committed 21632K, reserved 1048576K
}
Event: 447.957 GC heap before
{Heap before GC invocations=65 (full 0):
 garbage-first heap   total 355328K, used 180865K [0x0000000080000000, 0x0000000100000000)
  region size 1024K, 17 young (17408K), 12 survivors (12288K)
 Metaspace       used 153375K, committed 154432K, reserved 1245184K
  class space    used 21103K, committed 21632K, reserved 1048576K
}
Event: 447.967 GC heap after
{Heap after GC invocations=66 (full 0):
 garbage-first heap   total 355328K, used 169465K [0x0000000080000000, 0x0000000100000000)
  region size 1024K, 2 young (2048K), 2 survivors (2048K)
 Metaspace       used 153375K, committed 154432K, reserved 1245184K
  class space    used 21103K, committed 21632K, reserved 1048576K
}
Event: 449.372 GC heap before
{Heap before GC invocations=66 (full 0):
 garbage-first heap   total 355328K, used 178681K [0x0000000080000000, 0x0000000100000000)
  region size 1024K, 12 young (12288K), 2 survivors (2048K)
 Metaspace       used 153389K, committed 154432K, reserved 1245184K
  class space    used 21104K, committed 21632K, reserved 1048576K
}
Event: 449.376 GC heap after
{Heap after GC invocations=67 (full 0):
 garbage-first heap   total 355328K, used 168608K [0x0000000080000000, 0x0000000100000000)
  region size 1024K, 1 young (1024K), 1 survivors (1024K)
 Metaspace       used 153389K, committed 154432K, reserved 1245184K
  class space    used 21104K, committed 21632K, reserved 1048576K
}
Event: 1549.192 GC heap before
{Heap before GC invocations=68 (full 0):
 garbage-first heap   total 355328K, used 308896K [0x0000000080000000, 0x0000000100000000)
  region size 1024K, 129 young (132096K), 1 survivors (1024K)
 Metaspace       used 156517K, committed 157824K, reserved 1245184K
  class space    used 21391K, committed 22016K, reserved 1048576K
}
Event: 1549.198 GC heap after
{Heap after GC invocations=69 (full 0):
 garbage-first heap   total 355328K, used 172762K [0x0000000080000000, 0x0000000100000000)
  region size 1024K, 3 young (3072K), 3 survivors (3072K)
 Metaspace       used 156517K, committed 157824K, reserved 1245184K
  class space    used 21391K, committed 22016K, reserved 1048576K
}
Event: 1549.482 GC heap before
{Heap before GC invocations=69 (full 0):
 garbage-first heap   total 355328K, used 186074K [0x0000000080000000, 0x0000000100000000)
  region size 1024K, 17 young (17408K), 3 survivors (3072K)
 Metaspace       used 156545K, committed 157824K, reserved 1245184K
  class space    used 21392K, committed 22016K, reserved 1048576K
}
Event: 1549.499 GC heap after
{Heap after GC invocations=70 (full 0):
 garbage-first heap   total 355328K, used 160224K [0x0000000080000000, 0x0000000100000000)
  region size 1024K, 3 young (3072K), 3 survivors (3072K)
 Metaspace       used 156545K, committed 157824K, reserved 1245184K
  class space    used 21392K, committed 22016K, reserved 1048576K
}
Event: 1554.368 GC heap before
{Heap before GC invocations=70 (full 0):
 garbage-first heap   total 355328K, used 257504K [0x0000000080000000, 0x0000000100000000)
  region size 1024K, 100 young (102400K), 3 survivors (3072K)
 Metaspace       used 157019K, committed 158336K, reserved 1245184K
  class space    used 21400K, committed 22016K, reserved 1048576K
}
Event: 1554.383 GC heap after
{Heap after GC invocations=71 (full 0):
 garbage-first heap   total 355328K, used 168830K [0x0000000080000000, 0x0000000100000000)
  region size 1024K, 11 young (11264K), 11 survivors (11264K)
 Metaspace       used 157019K, committed 158336K, reserved 1245184K
  class space    used 21400K, committed 22016K, reserved 1048576K
}

